<?xml version="1.0" encoding="UTF-8"?>
<testsuite name="fr.unistra.fizzbuzz.FizzBuzzJUnitParamsTest" tests="18" skipped="0" failures="0" errors="0" timestamp="2018-03-15T17:42:34" hostname="uds-500446.ad.unistra.fr.u-strasbg.fr" time="0.04">
  <properties/>
  <testcase name="returnsNumberForInputNotDivisibleByThreeOrFive(1) [0]" classname="fr.unistra.fizzbuzz.FizzBuzzJUnitParamsTest" time="0.032"/>
  <testcase name="returnsNumberForInputNotDivisibleByThreeOrFive(2) [1]" classname="fr.unistra.fizzbuzz.FizzBuzzJUnitParamsTest" time="0.0"/>
  <testcase name="returnsNumberForInputNotDivisibleByThreeOrFive(4) [2]" classname="fr.unistra.fizzbuzz.FizzBuzzJUnitParamsTest" time="0.0"/>
  <testcase name="returnsNumberForInputNotDivisibleByThreeOrFive(7) [3]" classname="fr.unistra.fizzbuzz.FizzBuzzJUnitParamsTest" time="0.0"/>
  <testcase name="returnsNumberForInputNotDivisibleByThreeOrFive(11) [4]" classname="fr.unistra.fizzbuzz.FizzBuzzJUnitParamsTest" time="0.0"/>
  <testcase name="returnsNumberForInputNotDivisibleByThreeOrFive(13) [5]" classname="fr.unistra.fizzbuzz.FizzBuzzJUnitParamsTest" time="0.0"/>
  <testcase name="returnsNumberForInputNotDivisibleByThreeOrFive(14) [6]" classname="fr.unistra.fizzbuzz.FizzBuzzJUnitParamsTest" time="0.0"/>
  <testcase name="returnNumberWhichWillReturnBuzz(5) [0]" classname="fr.unistra.fizzbuzz.FizzBuzzJUnitParamsTest" time="0.0"/>
  <testcase name="returnNumberWhichWillReturnBuzz(10) [1]" classname="fr.unistra.fizzbuzz.FizzBuzzJUnitParamsTest" time="0.0"/>
  <testcase name="returnNumberWhichWillReturnBuzz(20) [2]" classname="fr.unistra.fizzbuzz.FizzBuzzJUnitParamsTest" time="0.0"/>
  <testcase name="returnNumberWhichWillReturnBuzz(25) [3]" classname="fr.unistra.fizzbuzz.FizzBuzzJUnitParamsTest" time="0.0"/>
  <testcase name="returnNumberWhichWillReturnFizz(3) [0]" classname="fr.unistra.fizzbuzz.FizzBuzzJUnitParamsTest" time="0.0"/>
  <testcase name="returnNumberWhichWillReturnFizz(6) [1]" classname="fr.unistra.fizzbuzz.FizzBuzzJUnitParamsTest" time="0.0"/>
  <testcase name="returnNumberWhichWillReturnFizz(9) [2]" classname="fr.unistra.fizzbuzz.FizzBuzzJUnitParamsTest" time="0.0"/>
  <testcase name="returnNumberWhichWillReturnFizz(12) [3]" classname="fr.unistra.fizzbuzz.FizzBuzzJUnitParamsTest" time="0.0"/>
  <testcase name="returnNumberWhichWillReturnFizzBuzz(15) [0]" classname="fr.unistra.fizzbuzz.FizzBuzzJUnitParamsTest" time="0.0"/>
  <testcase name="returnNumberWhichWillReturnFizzBuzz(30) [1]" classname="fr.unistra.fizzbuzz.FizzBuzzJUnitParamsTest" time="0.0"/>
  <testcase name="returnNumberWhichWillReturnFizzBuzz(45) [2]" classname="fr.unistra.fizzbuzz.FizzBuzzJUnitParamsTest" time="0.0"/>
  <system-out><![CDATA[]]></system-out>
  <system-err><![CDATA[]]></system-err>
</testsuite>
